kotlin version: 2.0.21
error message: org.jetbrains.kotlin.backend.common.BackendException: Backend Internal error: Exception during IR lowering
File being compiled: D:/G/e/My_stuff/AndroidProjects/Personal_Projects/BloggIt/app/src/main/java/com/divcode/bloggit/MainActivity.kt
The root cause java.lang.RuntimeException was thrown at: org.jetbrains.kotlin.backend.jvm.codegen.FunctionCodegen.generate(FunctionCodegen.kt:47)
	at org.jetbrains.kotlin.backend.common.CodegenUtil.reportBackendException(CodegenUtil.kt:253)
	at org.jetbrains.kotlin.backend.common.CodegenUtil.reportBackendException$default(CodegenUtil.kt:236)
	at org.jetbrains.kotlin.backend.common.phaser.PerformByIrFilePhase.invokeSequential(performByIrFile.kt:65)
	at org.jetbrains.kotlin.backend.common.phaser.PerformByIrFilePhase.invoke(performByIrFile.kt:52)
	at org.jetbrains.kotlin.backend.common.phaser.PerformByIrFilePhase.invoke(performByIrFile.kt:38)
	at org.jetbrains.kotlin.backend.common.phaser.NamedCompilerPhase.phaseBody(CompilerPhase.kt:166)
	at org.jetbrains.kotlin.backend.common.phaser.AbstractNamedCompilerPhase.invoke(CompilerPhase.kt:113)
	at org.jetbrains.kotlin.backend.common.phaser.CompositePhase.invoke(PhaseBuilders.kt:27)
	at org.jetbrains.kotlin.backend.common.phaser.CompositePhase.invoke(PhaseBuilders.kt:14)
	at org.jetbrains.kotlin.backend.common.phaser.NamedCompilerPhase.phaseBody(CompilerPhase.kt:166)
	at org.jetbrains.kotlin.backend.common.phaser.AbstractNamedCompilerPhase.invoke(CompilerPhase.kt:113)
	at org.jetbrains.kotlin.backend.common.phaser.CompilerPhaseKt.invokeToplevel(CompilerPhase.kt:62)
	at org.jetbrains.kotlin.backend.jvm.JvmIrCodegenFactory.invokeCodegen(JvmIrCodegenFactory.kt:371)
	at org.jetbrains.kotlin.codegen.CodegenFactory.generateModule(CodegenFactory.kt:47)
	at org.jetbrains.kotlin.backend.jvm.JvmIrCodegenFactory.generateModuleInFrontendIRMode(JvmIrCodegenFactory.kt:433)
	at org.jetbrains.kotlin.cli.jvm.compiler.pipeline.JvmCompilerPipelineKt.generateCodeFromIr(jvmCompilerPipeline.kt:246)
	at org.jetbrains.kotlin.cli.jvm.compiler.pipeline.JvmCompilerPipelineKt.compileModulesUsingFrontendIrAndLightTree(jvmCompilerPipeline.kt:142)
	at org.jetbrains.kotlin.cli.jvm.K2JVMCompiler.doExecute(K2JVMCompiler.kt:148)
	at org.jetbrains.kotlin.cli.jvm.K2JVMCompiler.doExecute(K2JVMCompiler.kt:43)
	at org.jetbrains.kotlin.cli.common.CLICompiler.execImpl(CLICompiler.kt:103)
	at org.jetbrains.kotlin.cli.common.CLICompiler.execImpl(CLICompiler.kt:49)
	at org.jetbrains.kotlin.cli.common.CLITool.exec(CLITool.kt:101)
	at org.jetbrains.kotlin.incremental.IncrementalJvmCompilerRunner.runCompiler(IncrementalJvmCompilerRunner.kt:464)
	at org.jetbrains.kotlin.incremental.IncrementalJvmCompilerRunner.runCompiler(IncrementalJvmCompilerRunner.kt:73)
	at org.jetbrains.kotlin.incremental.IncrementalCompilerRunner.doCompile(IncrementalCompilerRunner.kt:506)
	at org.jetbrains.kotlin.incremental.IncrementalCompilerRunner.compileImpl(IncrementalCompilerRunner.kt:423)
	at org.jetbrains.kotlin.incremental.IncrementalCompilerRunner.compileNonIncrementally(IncrementalCompilerRunner.kt:301)
	at org.jetbrains.kotlin.incremental.IncrementalCompilerRunner.compile(IncrementalCompilerRunner.kt:129)
	at org.jetbrains.kotlin.daemon.CompileServiceImplBase.execIncrementalCompiler(CompileServiceImpl.kt:675)
	at org.jetbrains.kotlin.daemon.CompileServiceImplBase.access$execIncrementalCompiler(CompileServiceImpl.kt:92)
	at org.jetbrains.kotlin.daemon.CompileServiceImpl.compile(CompileServiceImpl.kt:1660)
	at java.base/jdk.internal.reflect.DirectMethodHandleAccessor.invoke(Unknown Source)
	at java.base/java.lang.reflect.Method.invoke(Unknown Source)
	at java.rmi/sun.rmi.server.UnicastServerRef.dispatch(Unknown Source)
	at java.rmi/sun.rmi.transport.Transport$1.run(Unknown Source)
	at java.rmi/sun.rmi.transport.Transport$1.run(Unknown Source)
	at java.base/java.security.AccessController.doPrivileged(Unknown Source)
	at java.rmi/sun.rmi.transport.Transport.serviceCall(Unknown Source)
	at java.rmi/sun.rmi.transport.tcp.TCPTransport.handleMessages(Unknown Source)
	at java.rmi/sun.rmi.transport.tcp.TCPTransport$ConnectionHandler.run0(Unknown Source)
	at java.rmi/sun.rmi.transport.tcp.TCPTransport$ConnectionHandler.lambda$run$0(Unknown Source)
	at java.base/java.security.AccessController.doPrivileged(Unknown Source)
	at java.rmi/sun.rmi.transport.tcp.TCPTransport$ConnectionHandler.run(Unknown Source)
	at java.base/java.util.concurrent.ThreadPoolExecutor.runWorker(Unknown Source)
	at java.base/java.util.concurrent.ThreadPoolExecutor$Worker.run(Unknown Source)
	at java.base/java.lang.Thread.run(Unknown Source)
Caused by: java.lang.RuntimeException: Exception while generating code for:
FUN name:onCreate visibility:protected modality:OPEN <> ($this:com.divcode.bloggit.MainActivity, savedInstanceState:android.os.Bundle?) returnType:kotlin.Unit
  overridden:
    protected/*protected and package*/ open fun onCreate (p0: @[EnhancedNullability] android.os.Bundle?): kotlin.Unit [fake_override] declared in androidx.appcompat.app.AppCompatActivity
  $this: VALUE_PARAMETER name:<this> type:com.divcode.bloggit.MainActivity
  VALUE_PARAMETER name:savedInstanceState index:0 type:android.os.Bundle?
  BLOCK_BODY
    CALL 'protected/*protected and package*/ open fun onCreate (p0: @[EnhancedNullability] android.os.Bundle?): kotlin.Unit [fake_override] declared in androidx.appcompat.app.AppCompatActivity' superQualifier='CLASS IR_EXTERNAL_JAVA_DECLARATION_STUB CLASS name:AppCompatActivity modality:OPEN visibility:public superTypes:[androidx.fragment.app.FragmentActivity; androidx.appcompat.app.AppCompatCallback; androidx.core.app.TaskStackBuilder.SupportParentable; androidx.appcompat.app.ActionBarDrawerToggle.DelegateProvider]' type=kotlin.Unit origin=null
      $this: GET_VAR '<this>: com.divcode.bloggit.MainActivity declared in com.divcode.bloggit.MainActivity.onCreate' type=com.divcode.bloggit.MainActivity origin=null
      p0: GET_VAR 'savedInstanceState: android.os.Bundle? declared in com.divcode.bloggit.MainActivity.onCreate' type=android.os.Bundle? origin=null
    CALL 'public final fun enableEdgeToEdge$default (statusBarStyle: androidx.activity.SystemBarStyle?, navigationBarStyle: androidx.activity.SystemBarStyle?, $mask0: kotlin.Int, $handler: kotlin.Any?): kotlin.Unit declared in androidx.activity.EdgeToEdge' type=kotlin.Unit origin=DEFAULT_DISPATCH_CALL
      $receiver: GET_VAR '<this>: com.divcode.bloggit.MainActivity declared in com.divcode.bloggit.MainActivity.onCreate' type=com.divcode.bloggit.MainActivity origin=null
      statusBarStyle: COMPOSITE type=androidx.activity.SystemBarStyle? origin=DEFAULT_VALUE
        CONST Null type=androidx.activity.SystemBarStyle? value=null
      navigationBarStyle: COMPOSITE type=androidx.activity.SystemBarStyle? origin=DEFAULT_VALUE
        CONST Null type=androidx.activity.SystemBarStyle? value=null
      $mask0: CONST Int type=kotlin.Int value=3
      $handler: CONST Null type=kotlin.Any? value=null
    CALL 'public open fun setContentView (p0: kotlin.Int): kotlin.Unit [fake_override] declared in com.divcode.bloggit.MainActivity' type=kotlin.Unit origin=null
      $this: GET_VAR '<this>: com.divcode.bloggit.MainActivity declared in com.divcode.bloggit.MainActivity.onCreate' type=com.divcode.bloggit.MainActivity origin=null
      p0: GET_FIELD 'FIELD IR_EXTERNAL_JAVA_DECLARATION_STUB name:activity_main type:kotlin.Int visibility:public [static] declared in com.divcode.bloggit.R.layout' type=kotlin.Int superQualifierSymbol=com.divcode.bloggit.R.layout origin=null
    CALL 'public open fun setOnApplyWindowInsetsListener (p0: @[NonNull] @[FlexibleNullability] android.view.View?, p1: @[Nullable] @[FlexibleNullability] androidx.core.view.OnApplyWindowInsetsListener?): kotlin.Unit declared in androidx.core.view.ViewCompat' type=kotlin.Unit origin=null
      p0: CALL 'public open fun findViewById <T> (p0: kotlin.Int): @[FlexibleNullability] T of com.divcode.bloggit.MainActivity.findViewById? [fake_override] declared in com.divcode.bloggit.MainActivity' type=@[FlexibleNullability] @[NonNull] android.view.View? origin=null
        <T>: @[FlexibleNullability] @[NonNull] android.view.View?
        $this: GET_VAR '<this>: com.divcode.bloggit.MainActivity declared in com.divcode.bloggit.MainActivity.onCreate' type=com.divcode.bloggit.MainActivity origin=null
        p0: GET_FIELD 'FIELD IR_EXTERNAL_JAVA_DECLARATION_STUB name:main type:kotlin.Int visibility:public [static] declared in com.divcode.bloggit.R.id' type=kotlin.Int superQualifierSymbol=com.divcode.bloggit.R.id origin=null
      p1: BLOCK type=@[Nullable] androidx.core.view.OnApplyWindowInsetsListener origin=LAMBDA
        COMPOSITE type=kotlin.Unit origin=null
        CALL 'public final fun <jvm-indy> <T> (dynamicCall: T of kotlin.jvm.internal.<jvm-indy>, bootstrapMethodHandle: kotlin.Any, vararg bootstrapMethodArguments: kotlin.Any): T of kotlin.jvm.internal.<jvm-indy> declared in kotlin.jvm.internal' type=@[Nullable] androidx.core.view.OnApplyWindowInsetsListener origin=null
          <T>: @[Nullable] androidx.core.view.OnApplyWindowInsetsListener
          dynamicCall: CALL 'public final fun onApplyWindowInsets (): @[Nullable] androidx.core.view.OnApplyWindowInsetsListener declared in kotlin.jvm.internal.invokeDynamic' type=@[Nullable] androidx.core.view.OnApplyWindowInsetsListener origin=null
          bootstrapMethodHandle: CALL 'public final fun <jvm-method-handle> (tag: kotlin.Int, owner: kotlin.String, name: kotlin.String, descriptor: kotlin.String, isInterface: kotlin.Boolean): kotlin.Any declared in kotlin.jvm.internal' type=kotlin.Any origin=null
            tag: CONST Int type=kotlin.Int value=6
            owner: CONST String type=kotlin.String value="java/lang/invoke/LambdaMetafactory"
            name: CONST String type=kotlin.String value="metafactory"
            descriptor: CONST String type=kotlin.String value="(Ljava/lang/invoke/MethodHandles$Lookup;Ljava/lang/String;Ljava/lang/invoke/MethodType;Ljava/lang/invoke/MethodType;Ljava/lang/invoke/MethodHandle;Ljava/lang/invoke/MethodType;)Ljava/lang/invoke/CallSite;"
            isInterface: CONST Boolean type=kotlin.Boolean value=false
          bootstrapMethodArguments: VARARG type=kotlin.Array<kotlin.Any> varargElementType=kotlin.Any
            CALL 'public final fun <jvm-original-method-type> (method: kotlin.Any): kotlin.Any declared in kotlin.jvm.internal' type=kotlin.Any origin=null
              method: RAW_FUNCTION_REFERENCE 'public abstract fun onApplyWindowInsets (p0: @[NonNull] @[FlexibleNullability] android.view.View?, p1: @[NonNull] @[FlexibleNullability] androidx.core.view.WindowInsetsCompat?): @[NonNull] @[FlexibleNullability] androidx.core.view.WindowInsetsCompat? declared in androidx.core.view.OnApplyWindowInsetsListener' type=kotlin.Any
            RAW_FUNCTION_REFERENCE 'private final fun onCreate$lambda$0 (v: @[FlexibleNullability] @[NonNull] android.view.View?, insets: @[FlexibleNullability] @[NonNull] androidx.core.view.WindowInsetsCompat?): @[FlexibleNullability] @[NonNull] androidx.core.view.WindowInsetsCompat? declared in com.divcode.bloggit.MainActivity' type=kotlin.Any
            CALL 'public final fun <jvm-original-method-type> (method: kotlin.Any): kotlin.Any declared in kotlin.jvm.internal' type=kotlin.Any origin=null
              method: RAW_FUNCTION_REFERENCE 'public abstract fun onApplyWindowInsets (p0: @[NonNull] @[FlexibleNullability] android.view.View?, p1: @[NonNull] @[FlexibleNullability] androidx.core.view.WindowInsetsCompat?): @[NonNull] @[FlexibleNullability] androidx.core.view.WindowInsetsCompat? [fake_override] declared in kotlin.jvm.internal.invokeDynamic.<fake>' type=kotlin.Any
    VAR name:context type:android.content.Context [val]
      CALL 'public final fun <get-current> (): T of androidx.compose.runtime.CompositionLocal [inline] declared in androidx.compose.runtime.CompositionLocal' type=android.content.Context origin=GET_PROPERTY
        $this: TYPE_OP type=androidx.compose.runtime.CompositionLocal<T of androidx.compose.runtime.CompositionLocal> origin=IMPLICIT_CAST typeOperand=androidx.compose.runtime.CompositionLocal<T of androidx.compose.runtime.CompositionLocal>
          CALL 'public final fun <get-LocalContext> (): androidx.compose.runtime.ProvidableCompositionLocal<android.content.Context> declared in androidx.compose.ui.platform.AndroidCompositionLocals_androidKt' type=androidx.compose.runtime.ProvidableCompositionLocal<android.content.Context> origin=GET_PROPERTY
    VAR name:scope type:kotlinx.coroutines.CoroutineScope [val]
      CALL 'public final fun rememberCoroutineScope$default (getContext: @[DisallowComposableCalls] kotlin.Function0<kotlin.coroutines.CoroutineContext>?, $mask0: kotlin.Int, $handler: kotlin.Any?): kotlinx.coroutines.CoroutineScope [inline] declared in androidx.compose.runtime.EffectsKt' type=kotlinx.coroutines.CoroutineScope origin=DEFAULT_DISPATCH_CALL
        getContext: COMPOSITE type=@[DisallowComposableCalls] kotlin.Function0<kotlin.coroutines.CoroutineContext>? origin=DEFAULT_VALUE
          CONST Null type=@[DisallowComposableCalls] kotlin.Function0<kotlin.coroutines.CoroutineContext>? value=null
        $mask0: CONST Int type=kotlin.Int value=1
        $handler: CONST Null type=kotlin.Any? value=null
    VAR name:launcher type:androidx.activity.compose.ManagedActivityResultLauncher<android.content.Intent, androidx.activity.result.ActivityResult> [val]
      CALL 'public final fun rememberLauncherForActivityResult <I, O> (contract: androidx.activity.result.contract.ActivityResultContract<I of androidx.activity.compose.ActivityResultRegistryKt.rememberLauncherForActivityResult, O of androidx.activity.compose.ActivityResultRegistryKt.rememberLauncherForActivityResult>, onResult: kotlin.Function1<O of androidx.activity.compose.ActivityResultRegistryKt.rememberLauncherForActivityResult, kotlin.Unit>): androidx.activity.compose.ManagedActivityResultLauncher<I of androidx.activity.compose.ActivityResultRegistryKt.rememberLauncherForActivityResult, O of androidx.activity.compose.ActivityResultRegistryKt.rememberLauncherForActivityResult> declared in androidx.activity.compose.ActivityResultRegistryKt' type=androidx.activity.compose.ManagedActivityResultLauncher<android.content.Intent, androidx.activity.result.ActivityResult> origin=null
        <I>: android.content.Intent
        <O>: androidx.activity.result.ActivityResult
        contract: CONSTRUCTOR_CALL 'public constructor <init> () [primary] declared in androidx.activity.result.contract.ActivityResultContracts.StartActivityForResult' type=androidx.activity.result.contract.ActivityResultContracts.StartActivityForResult origin=null
        onResult: BLOCK type=kotlin.Function1<androidx.activity.result.ActivityResult, kotlin.Unit> origin=LAMBDA
          COMPOSITE type=kotlin.Unit origin=null
          CALL 'public final fun <jvm-indy> <T> (dynamicCall: T of kotlin.jvm.internal.<jvm-indy>, bootstrapMethodHandle: kotlin.Any, vararg bootstrapMethodArguments: kotlin.Any): T of kotlin.jvm.internal.<jvm-indy> declared in kotlin.jvm.internal' type=kotlin.Function1<androidx.activity.result.ActivityResult, kotlin.Unit> origin=null
            <T>: kotlin.Function1<androidx.activity.result.ActivityResult, kotlin.Unit>
            dynamicCall: CALL 'public final fun invoke (p0: android.content.Context, p1: kotlinx.coroutines.CoroutineScope): kotlin.Function1<androidx.activity.result.ActivityResult, kotlin.Unit> declared in kotlin.jvm.internal.invokeDynamic' type=kotlin.Function1<androidx.activity.result.ActivityResult, kotlin.Unit> origin=null
              p0: GET_VAR 'val context: android.content.Context [val] declared in com.divcode.bloggit.MainActivity.onCreate' type=android.content.Context origin=null
              p1: GET_VAR 'val scope: kotlinx.coroutines.CoroutineScope [val] declared in com.divcode.bloggit.MainActivity.onCreate' type=kotlinx.coroutines.CoroutineScope origin=null
            bootstrapMethodHandle: CALL 'public final fun <jvm-method-handle> (tag: kotlin.Int, owner: kotlin.String, name: kotlin.String, descriptor: kotlin.String, isInterface: kotlin.Boolean): kotlin.Any declared in kotlin.jvm.internal' type=kotlin.Any origin=null
              tag: CONST Int type=kotlin.Int value=6
              owner: CONST String type=kotlin.String value="java/lang/invoke/LambdaMetafactory"
              name: CONST String type=kotlin.String value="metafactory"
              descriptor: CONST String type=kotlin.String value="(Ljava/lang/invoke/MethodHandles$Lookup;Ljava/lang/String;Ljava/lang/invoke/MethodType;Ljava/lang/invoke/MethodType;Ljava/lang/invoke/MethodHandle;Ljava/lang/invoke/MethodType;)Ljava/lang/invoke/CallSite;"
              isInterface: CONST Boolean type=kotlin.Boolean value=false
            bootstrapMethodArguments: VARARG type=kotlin.Array<kotlin.Any> varargElementType=kotlin.Any
              CALL 'public final fun <jvm-original-method-type> (method: kotlin.Any): kotlin.Any declared in kotlin.jvm.internal' type=kotlin.Any origin=null
                method: RAW_FUNCTION_REFERENCE 'public abstract fun invoke (p1: P1 of kotlin.Function1): R of kotlin.Function1 [operator] declared in kotlin.Function1' type=kotlin.Any
              RAW_FUNCTION_REFERENCE 'private final fun onCreate$lambda$2 ($context: android.content.Context, $scope: kotlinx.coroutines.CoroutineScope, it: androidx.activity.result.ActivityResult): kotlin.Unit? declared in com.divcode.bloggit.MainActivity' type=kotlin.Any
              CALL 'public final fun <jvm-original-method-type> (method: kotlin.Any): kotlin.Any declared in kotlin.jvm.internal' type=kotlin.Any origin=null
                method: RAW_FUNCTION_REFERENCE 'public abstract fun invoke (p1: androidx.activity.result.ActivityResult): kotlin.Unit? [fake_override,operator] declared in kotlin.jvm.internal.invokeDynamic.<fake>' type=kotlin.Any
    SET_FIELD 'FIELD PROPERTY_BACKING_FIELD name:signInButton type:com.google.android.gms.common.SignInButton? visibility:private' type=kotlin.Unit origin=null
      receiver: GET_VAR '<this>: com.divcode.bloggit.MainActivity declared in com.divcode.bloggit.MainActivity.onCreate' type=com.divcode.bloggit.MainActivity origin=null
      value: CALL 'public open fun findViewById <T> (p0: kotlin.Int): @[FlexibleNullability] T of com.divcode.bloggit.MainActivity.findViewById? [fake_override] declared in com.divcode.bloggit.MainActivity' type=@[FlexibleNullability] com.google.android.gms.common.SignInButton? origin=null
        <T>: @[FlexibleNullability] com.google.android.gms.common.SignInButton?
        $this: GET_VAR '<this>: com.divcode.bloggit.MainActivity declared in com.divcode.bloggit.MainActivity.onCreate' type=com.divcode.bloggit.MainActivity origin=null
        p0: GET_FIELD 'FIELD IR_EXTERNAL_JAVA_DECLARATION_STUB name:sign_in_button type:kotlin.Int visibility:public [static] declared in com.divcode.bloggit.R.id' type=kotlin.Int superQualifierSymbol=com.divcode.bloggit.R.id origin=null
    CALL 'public open fun setOnClickListener (p0: @[EnhancedNullability] android.view.View.OnClickListener?): kotlin.Unit declared in com.google.android.gms.common.SignInButton' type=kotlin.Unit origin=null
      $this: BLOCK type=com.google.android.gms.common.SignInButton origin=FOLDED_ELVIS
        WHEN type=com.google.android.gms.common.SignInButton origin=FOLDED_ELVIS
          BRANCH
            if: COMPOSITE type=kotlin.Boolean origin=null
              VAR IR_TEMPORARY_VARIABLE name:tmp0 type:com.google.android.gms.common.SignInButton? [val]
                GET_FIELD 'FIELD PROPERTY_BACKING_FIELD name:signInButton type:com.google.android.gms.common.SignInButton? visibility:private' type=com.google.android.gms.common.SignInButton? origin=null
                  receiver: GET_VAR '<this>: com.divcode.bloggit.MainActivity declared in com.divcode.bloggit.MainActivity.onCreate' type=com.divcode.bloggit.MainActivity origin=null
              CALL 'public final fun not (): kotlin.Boolean [operator] declared in kotlin.Boolean' type=kotlin.Boolean origin=null
                $this: CALL 'public final fun EQEQ (arg0: kotlin.Any?, arg1: kotlin.Any?): kotlin.Boolean declared in kotlin.internal.ir' type=kotlin.Boolean origin=null
                  arg0: GET_VAR 'val tmp0: com.google.android.gms.common.SignInButton? [val] declared in com.divcode.bloggit.MainActivity.onCreate' type=com.google.android.gms.common.SignInButton? origin=null
                  arg1: CONST Null type=kotlin.Nothing? value=null
            then: GET_VAR 'val tmp0: com.google.android.gms.common.SignInButton? [val] declared in com.divcode.bloggit.MainActivity.onCreate' type=com.google.android.gms.common.SignInButton? origin=null
          BRANCH
            if: CONST Boolean type=kotlin.Boolean value=true
            then: BLOCK type=kotlin.Unit origin=null
              CALL 'public final fun throwUninitializedPropertyAccessException (propertyName: kotlin.String): kotlin.Unit declared in kotlin.jvm.internal.Intrinsics' type=kotlin.Unit origin=null
                propertyName: CONST String type=kotlin.String value="signInButton"
      p0: BLOCK type=android.view.View.OnClickListener origin=LAMBDA
        COMPOSITE type=kotlin.Unit origin=null
        CALL 'public final fun <jvm-indy> <T> (dynamicCall: T of kotlin.jvm.internal.<jvm-indy>, bootstrapMethodHandle: kotlin.Any, vararg bootstrapMethodArguments: kotlin.Any): T of kotlin.jvm.internal.<jvm-indy> declared in kotlin.jvm.internal' type=android.view.View.OnClickListener origin=null
          <T>: android.view.View.OnClickListener
          dynamicCall: CALL 'public final fun onClick (p0: android.content.Context, p1: kotlinx.coroutines.CoroutineScope, p2: androidx.activity.compose.ManagedActivityResultLauncher<android.content.Intent, androidx.activity.result.ActivityResult>): android.view.View.OnClickListener declared in kotlin.jvm.internal.invokeDynamic' type=android.view.View.OnClickListener origin=null
            p0: GET_VAR 'val context: android.content.Context [val] declared in com.divcode.bloggit.MainActivity.onCreate' type=android.content.Context origin=null
            p1: GET_VAR 'val scope: kotlinx.coroutines.CoroutineScope [val] declared in com.divcode.bloggit.MainActivity.onCreate' type=kotlinx.coroutines.CoroutineScope origin=null
            p2: GET_VAR 'val launcher: androidx.activity.compose.ManagedActivityResultLauncher<android.content.Intent, androidx.activity.result.ActivityResult> [val] declared in com.divcode.bloggit.MainActivity.onCreate' type=androidx.activity.compose.ManagedActivityResultLauncher<android.content.Intent, androidx.activity.result.ActivityResult> origin=null
          bootstrapMethodHandle: CALL 'public final fun <jvm-method-handle> (tag: kotlin.Int, owner: kotlin.String, name: kotlin.String, descriptor: kotlin.String, isInterface: kotlin.Boolean): kotlin.Any declared in kotlin.jvm.internal' type=kotlin.Any origin=null
            tag: CONST Int type=kotlin.Int value=6
            owner: CONST String type=kotlin.String value="java/lang/invoke/LambdaMetafactory"
            name: CONST String type=kotlin.String value="metafactory"
            descriptor: CONST String type=kotlin.String value="(Ljava/lang/invoke/MethodHandles$Lookup;Ljava/lang/String;Ljava/lang/invoke/MethodType;Ljava/lang/invoke/MethodType;Ljava/lang/invoke/MethodHandle;Ljava/lang/invoke/MethodType;)Ljava/lang/invoke/CallSite;"
            isInterface: CONST Boolean type=kotlin.Boolean value=false
          bootstrapMethodArguments: VARARG type=kotlin.Array<kotlin.Any> varargElementType=kotlin.Any
            CALL 'public final fun <jvm-original-method-type> (method: kotlin.Any): kotlin.Any declared in kotlin.jvm.internal' type=kotlin.Any origin=null
              method: RAW_FUNCTION_REFERENCE 'public abstract fun onClick (p0: @[FlexibleNullability] android.view.View?): kotlin.Unit declared in android.view.View.OnClickListener' type=kotlin.Any
            RAW_FUNCTION_REFERENCE 'private final fun onCreate$lambda$4 ($context: android.content.Context, $scope: kotlinx.coroutines.CoroutineScope, $launcher: androidx.activity.compose.ManagedActivityResultLauncher<android.content.Intent, androidx.activity.result.ActivityResult>, it: @[FlexibleNullability] android.view.View?): kotlin.Unit declared in com.divcode.bloggit.MainActivity' type=kotlin.Any
            CALL 'public final fun <jvm-original-method-type> (method: kotlin.Any): kotlin.Any declared in kotlin.jvm.internal' type=kotlin.Any origin=null
              method: RAW_FUNCTION_REFERENCE 'public abstract fun onClick (p0: @[FlexibleNullability] android.view.View?): kotlin.Unit [fake_override] declared in kotlin.jvm.internal.invokeDynamic.<fake>' type=kotlin.Any

	at org.jetbrains.kotlin.backend.jvm.codegen.FunctionCodegen.generate(FunctionCodegen.kt:47)
	at org.jetbrains.kotlin.backend.jvm.codegen.FunctionCodegen.generate$default(FunctionCodegen.kt:40)
	at org.jetbrains.kotlin.backend.jvm.codegen.ClassCodegen.generateMethodNode(ClassCodegen.kt:406)
	at org.jetbrains.kotlin.backend.jvm.codegen.ClassCodegen.generateMethod(ClassCodegen.kt:423)
	at org.jetbrains.kotlin.backend.jvm.codegen.ClassCodegen.generate(ClassCodegen.kt:168)
	at org.jetbrains.kotlin.backend.jvm.FileCodegen.lower(JvmPhases.kt:39)
	at org.jetbrains.kotlin.backend.common.phaser.PhaseFactoriesKt.createFilePhase$lambda$4(PhaseFactories.kt:71)
	at org.jetbrains.kotlin.backend.common.phaser.PhaseBuildersKt$createSimpleNamedCompilerPhase$1.phaseBody(PhaseBuilders.kt:69)
	at org.jetbrains.kotlin.backend.common.phaser.SimpleNamedCompilerPhase.phaseBody(CompilerPhase.kt:226)
	at org.jetbrains.kotlin.backend.common.phaser.AbstractNamedCompilerPhase.invoke(CompilerPhase.kt:113)
	at org.jetbrains.kotlin.backend.common.phaser.PerformByIrFilePhase.invokeSequential(performByIrFile.kt:62)
	... 43 more
Caused by: org.jetbrains.kotlin.codegen.CompilationException: Back-end (JVM) Internal error: Couldn't inline method call: CALL 'public final fun <get-current> (): T of androidx.compose.runtime.CompositionLocal [inline] declared in androidx.compose.runtime.CompositionLocal' type=android.content.Context origin=GET_PROPERTY
Method: null
File is unknown
The root cause java.lang.IllegalStateException was thrown at: org.jetbrains.kotlin.codegen.inline.SourceCompilerForInlineKt.getMethodNode(SourceCompilerForInline.kt:118)
	at org.jetbrains.kotlin.codegen.inline.InlineCodegen.performInline(InlineCodegen.kt:65)
	at org.jetbrains.kotlin.backend.jvm.codegen.IrInlineCodegen.genInlineCall(IrInlineCodegen.kt:163)
	at org.jetbrains.kotlin.backend.jvm.codegen.IrInlineCallGenerator.genCall(IrInlineCallGenerator.kt:36)
	at org.jetbrains.kotlin.backend.jvm.codegen.ExpressionCodegen.visitCall(ExpressionCodegen.kt:653)
	at org.jetbrains.kotlin.backend.jvm.codegen.ExpressionCodegen.visitCall(ExpressionCodegen.kt:138)
	at org.jetbrains.kotlin.ir.expressions.IrCall.accept(IrCall.kt:24)
	at org.jetbrains.kotlin.backend.jvm.codegen.ExpressionCodegen.visitVariable(ExpressionCodegen.kt:790)
	at org.jetbrains.kotlin.backend.jvm.codegen.ExpressionCodegen.visitVariable(ExpressionCodegen.kt:138)
	at org.jetbrains.kotlin.ir.declarations.IrVariable.accept(IrVariable.kt:36)
	at org.jetbrains.kotlin.backend.jvm.codegen.ExpressionCodegen.visitStatementContainer(ExpressionCodegen.kt:579)
	at org.jetbrains.kotlin.backend.jvm.codegen.ExpressionCodegen.visitBlockBody(ExpressionCodegen.kt:584)
	at org.jetbrains.kotlin.backend.jvm.codegen.ExpressionCodegen.visitBlockBody(ExpressionCodegen.kt:138)
	at org.jetbrains.kotlin.ir.expressions.IrBlockBody.accept(IrBlockBody.kt:20)
	at org.jetbrains.kotlin.backend.jvm.codegen.ExpressionCodegen.generate(ExpressionCodegen.kt:240)
	at org.jetbrains.kotlin.backend.jvm.codegen.FunctionCodegen.doGenerate(FunctionCodegen.kt:123)
	at org.jetbrains.kotlin.backend.jvm.codegen.FunctionCodegen.generate(FunctionCodegen.kt:44)
	... 53 more
Caused by: java.lang.IllegalStateException: couldn't find inline method Landroidx/compose/runtime/CompositionLocal;.getCurrent()Ljava/lang/Object;
	at org.jetbrains.kotlin.codegen.inline.SourceCompilerForInlineKt.getMethodNode(SourceCompilerForInline.kt:118)
	at org.jetbrains.kotlin.codegen.inline.SourceCompilerForInlineKt.loadCompiledInlineFunction(SourceCompilerForInline.kt:96)
	at org.jetbrains.kotlin.backend.jvm.codegen.IrSourceCompilerForInline.compileInlineFunction(IrSourceCompilerForInline.kt:91)
	at org.jetbrains.kotlin.codegen.inline.InlineCodegen.compileInline(InlineCodegen.kt:43)
	at org.jetbrains.kotlin.codegen.inline.InlineCodegen.performInline(InlineCodegen.kt:51)
	... 68 more


